cd /path/to/webroot  
touch debug.log  
chmod 666 debug.log  
-----
[2025-04-29T09:01:38+00:00] callback.php start
[2025-04-29T09:01:38+00:00] LOGINSFILE: /srv/agentai/logins.json
[2025-04-29T09:01:38+00:00] Raw logins.json content: [
    {
        "email": "andrea.zennaro@intarget.net",
        "date": "2025-04-29 08:54:39"
    },
    {
        "email": "andrea.zennaro@intarget.net",
        "date": "2025-04-29 08:58:02"
    }
]
[2025-04-29T09:01:38+00:00] Before count: 2
[2025-04-29T09:01:38+00:00] After count: 3
[2025-04-29T09:01:38+00:00] Redirecting to index.php
-----
[2025-04-29T09:06:56+00:00] callback.php start
[2025-04-29T09:06:56+00:00] LOGINSFILE: /srv/agentai/logins.json
[2025-04-29T09:06:56+00:00] Raw logins.json content: [
    {
        "email": "andrea.zennaro@intarget.net",
        "date": "2025-04-29 08:54:39"
    },
    {
        "email": "andrea.zennaro@intarget.net",
        "date": "2025-04-29 08:58:02"
    },
    {
        "email": "andrea.zennaro@intarget.net",
        "date": "2025-04-29 09:01:38"
    }
]
[2025-04-29T09:06:56+00:00] Before count: 3
[2025-04-29T09:06:56+00:00] After count: 4
[2025-04-29T09:06:56+00:00] Redirecting to index.php
-----
[2025-04-29T09:07:06+00:00] callback.php start
[2025-04-29T09:07:06+00:00] LOGINSFILE: /srv/agentai/logins.json
[2025-04-29T09:07:06+00:00] Raw logins.json content: [
    {
        "email": "andrea.zennaro@intarget.net",
        "date": "2025-04-29 08:54:39"
    },
    {
        "email": "andrea.zennaro@intarget.net",
        "date": "2025-04-29 08:58:02"
    },
    {
        "email": "andrea.zennaro@intarget.net",
        "date": "2025-04-29 09:01:38"
    },
    {
        "email": "andrea.zennaro@intarget.net",
        "date": "2025-04-29 09:06:56"
    }
]
[2025-04-29T09:07:06+00:00] Before count: 4
[2025-04-29T09:07:06+00:00] After count: 5
[2025-04-29T09:07:06+00:00] Redirecting to index.php
-----
[2025-04-29T11:09:27+02:00] callback.php start
[2025-04-29T11:09:27+02:00] LOGINSFILE: /srv/agentai/logins.json
[2025-04-29T11:09:27+02:00] Raw logins.json content: [
    {
        "email": "andrea.zennaro@intarget.net",
        "date": "2025-04-29 08:54:39"
    },
    {
        "email": "andrea.zennaro@intarget.net",
        "date": "2025-04-29 08:58:02"
    },
    {
        "email": "andrea.zennaro@intarget.net",
        "date": "2025-04-29 09:01:38"
    },
    {
        "email": "andrea.zennaro@intarget.net",
        "date": "2025-04-29 09:06:56"
    },
    {
        "email": "andrea.zennaro@intarget.net",
        "date": "2025-04-29 09:07:06"
    }
]
[2025-04-29T11:09:27+02:00] Before count: 5
[2025-04-29T11:09:27+02:00] After count: 6
[2025-04-29T11:09:27+02:00] Redirecting to index.php
-----
[2025-04-29T11:11:53+02:00] callback.php start
[2025-04-29T11:11:53+02:00] LOGINSFILE: /srv/agentai/logins.json
[2025-04-29T11:11:53+02:00] Raw logins.json content: [
    {
        "email": "andrea.zennaro@intarget.net",
        "date": "2025-04-29 08:54:39"
    },
    {
        "email": "andrea.zennaro@intarget.net",
        "date": "2025-04-29 08:58:02"
    },
    {
        "email": "andrea.zennaro@intarget.net",
        "date": "2025-04-29 09:01:38"
    },
    {
        "email": "andrea.zennaro@intarget.net",
        "date": "2025-04-29 09:06:56"
    },
    {
        "email": "andrea.zennaro@intarget.net",
        "date": "2025-04-29 09:07:06"
    },
    {
        "email": "andrea.zennaro@intarget.net",
        "date": "2025-04-29 11:09:27"
    }
]
[2025-04-29T11:11:53+02:00] Before count: 6
[2025-04-29T11:11:53+02:00] After count: 7
[2025-04-29T11:11:53+02:00] Redirecting to index.php
-----
[2025-04-29T11:22:24+02:00] callback.php start
[2025-04-29T11:22:24+02:00] LOGINSFILE: /srv/agentai/logins.json
[2025-04-29T11:22:24+02:00] Raw logins.json content: [
    {
        "email": "andrea.zennaro@intarget.net",
        "date": "2025-04-29 08:54:39"
    },
    {
        "email": "andrea.zennaro@intarget.net",
        "date": "2025-04-29 08:58:02"
    },
    {
        "email": "andrea.zennaro@intarget.net",
        "date": "2025-04-29 09:01:38"
    },
    {
        "email": "andrea.zennaro@intarget.net",
        "date": "2025-04-29 09:06:56"
    },
    {
        "email": "andrea.zennaro@intarget.net",
        "date": "2025-04-29 09:07:06"
    },
    {
        "email": "andrea.zennaro@intarget.net",
        "date": "2025-04-29 11:09:27"
    },
    {
        "email": "dario.ricci@intarget.net",
        "date": "2025-04-29 11:11:53"
    }
]
[2025-04-29T11:22:24+02:00] Before count: 7
[2025-04-29T11:22:24+02:00] After count: 8
[2025-04-29T11:22:24+02:00] Redirecting to index.php
-----
[2025-04-29T11:24:46+02:00] callback.php start
[2025-04-29T11:24:46+02:00] LOGINSFILE: /srv/agentai/logins.json
[2025-04-29T11:24:46+02:00] Raw logins.json content: [
    {
        "email": "andrea.zennaro@intarget.net",
        "date": "2025-04-29 08:54:39"
    },
    {
        "email": "andrea.zennaro@intarget.net",
        "date": "2025-04-29 08:58:02"
    },
    {
        "email": "andrea.zennaro@intarget.net",
        "date": "2025-04-29 09:01:38"
    },
    {
        "email": "andrea.zennaro@intarget.net",
        "date": "2025-04-29 09:06:56"
    },
    {
        "email": "andrea.zennaro@intarget.net",
        "date": "2025-04-29 09:07:06"
    },
    {
        "email": "andrea.zennaro@intarget.net",
        "date": "2025-04-29 11:09:27"
    },
    {
        "email": "dario.ricci@intarget.net",
        "date": "2025-04-29 11:11:53"
    },
    {
        "email": "andrea.zennaro@intarget.net",
        "date": "2025-04-29 11:22:24"
    }
]
[2025-04-29T11:24:46+02:00] Before count: 8
[2025-04-29T11:24:46+02:00] After count: 9
[2025-04-29T11:24:46+02:00] Redirecting to index.php
-----
[2025-04-29T11:28:35+02:00] callback.php start
[2025-04-29T11:28:35+02:00] LOGINSFILE: /srv/agentai/logins.json
[2025-04-29T11:28:35+02:00] Raw logins.json content: [
    {
        "email": "andrea.zennaro@intarget.net",
        "date": "2025-04-29 08:54:39"
    },
    {
        "email": "andrea.zennaro@intarget.net",
        "date": "2025-04-29 08:58:02"
    },
    {
        "email": "andrea.zennaro@intarget.net",
        "date": "2025-04-29 09:01:38"
    },
    {
        "email": "andrea.zennaro@intarget.net",
        "date": "2025-04-29 09:06:56"
    },
    {
        "email": "andrea.zennaro@intarget.net",
        "date": "2025-04-29 09:07:06"
    },
    {
        "email": "andrea.zennaro@intarget.net",
        "date": "2025-04-29 11:09:27"
    },
    {
        "email": "dario.ricci@intarget.net",
        "date": "2025-04-29 11:11:53"
    },
    {
        "email": "andrea.zennaro@intarget.net",
        "date": "2025-04-29 11:22:24"
    },
    {
        "email": "nicola.savastano@intarget.net",
        "date": "2025-04-29 11:24:46"
    }
]
[2025-04-29T11:28:35+02:00] Before count: 9
[2025-04-29T11:28:35+02:00] After count: 10
[2025-04-29T11:28:35+02:00] Redirecting to index.php
-----
[2025-04-29T11:33:24+02:00] callback.php start
[2025-04-29T11:33:24+02:00] LOGINSFILE: /srv/agentai/logins.json
[2025-04-29T11:33:24+02:00] Raw logins.json content: [
    {
        "email": "andrea.zennaro@intarget.net",
        "date": "2025-04-29 08:54:39"
    },
    {
        "email": "andrea.zennaro@intarget.net",
        "date": "2025-04-29 08:58:02"
    },
    {
        "email": "andrea.zennaro@intarget.net",
        "date": "2025-04-29 09:01:38"
    },
    {
        "email": "andrea.zennaro@intarget.net",
        "date": "2025-04-29 09:06:56"
    },
    {
        "email": "andrea.zennaro@intarget.net",
        "date": "2025-04-29 09:07:06"
    },
    {
        "email": "andrea.zennaro@intarget.net",
        "date": "2025-04-29 11:09:27"
    },
    {
        "email": "dario.ricci@intarget.net",
        "date": "2025-04-29 11:11:53"
    },
    {
        "email": "andrea.zennaro@intarget.net",
        "date": "2025-04-29 11:22:24"
    },
    {
        "email": "nicola.savastano@intarget.net",
        "date": "2025-04-29 11:24:46"
    },
    {
        "email": "luca.calisti@intarget.net",
        "date": "2025-04-29 11:28:35"
    }
]
[2025-04-29T11:33:24+02:00] Before count: 10
[2025-04-29T11:33:24+02:00] After count: 11
[2025-04-29T11:33:24+02:00] Redirecting to index.php
-----
[2025-04-29T11:37:06+02:00] callback.php start
[2025-04-29T11:37:06+02:00] LOGINSFILE: /srv/agentai/logins.json
[2025-04-29T11:37:06+02:00] Raw logins.json content: [
    {
        "email": "andrea.zennaro@intarget.net",
        "date": "2025-04-29 08:54:39"
    },
    {
        "email": "andrea.zennaro@intarget.net",
        "date": "2025-04-29 08:58:02"
    },
    {
        "email": "andrea.zennaro@intarget.net",
        "date": "2025-04-29 09:01:38"
    },
    {
        "email": "andrea.zennaro@intarget.net",
        "date": "2025-04-29 09:06:56"
    },
    {
        "email": "andrea.zennaro@intarget.net",
        "date": "2025-04-29 09:07:06"
    },
    {
        "email": "andrea.zennaro@intarget.net",
        "date": "2025-04-29 11:09:27"
    },
    {
        "email": "dario.ricci@intarget.net",
        "date": "2025-04-29 11:11:53"
    },
    {
        "email": "andrea.zennaro@intarget.net",
        "date": "2025-04-29 11:22:24"
    },
    {
        "email": "nicola.savastano@intarget.net",
        "date": "2025-04-29 11:24:46"
    },
    {
        "email": "luca.calisti@intarget.net",
        "date": "2025-04-29 11:28:35"
    },
    {
        "email": "antonietta.pisani@intarget.net",
        "date": "2025-04-29 11:33:24"
    }
]
[2025-04-29T11:37:06+02:00] Before count: 11
[2025-04-29T11:37:06+02:00] After count: 12
[2025-04-29T11:37:06+02:00] Redirecting to index.php
-----
[2025-04-29T11:39:22+02:00] callback.php start
[2025-04-29T11:39:22+02:00] LOGINSFILE: /srv/agentai/logins.json
[2025-04-29T11:39:22+02:00] Raw logins.json content: [
    {
        "email": "andrea.zennaro@intarget.net",
        "date": "2025-04-29 08:54:39"
    },
    {
        "email": "andrea.zennaro@intarget.net",
        "date": "2025-04-29 08:58:02"
    },
    {
        "email": "andrea.zennaro@intarget.net",
        "date": "2025-04-29 09:01:38"
    },
    {
        "email": "andrea.zennaro@intarget.net",
        "date": "2025-04-29 09:06:56"
    },
    {
        "email": "andrea.zennaro@intarget.net",
        "date": "2025-04-29 09:07:06"
    },
    {
        "email": "andrea.zennaro@intarget.net",
        "date": "2025-04-29 11:09:27"
    },
    {
        "email": "dario.ricci@intarget.net",
        "date": "2025-04-29 11:11:53"
    },
    {
        "email": "andrea.zennaro@intarget.net",
        "date": "2025-04-29 11:22:24"
    },
    {
        "email": "nicola.savastano@intarget.net",
        "date": "2025-04-29 11:24:46"
    },
    {
        "email": "luca.calisti@intarget.net",
        "date": "2025-04-29 11:28:35"
    },
    {
        "email": "antonietta.pisani@intarget.net",
        "date": "2025-04-29 11:33:24"
    },
    {
        "email": "barbara.latorre@intarget.net",
        "date": "2025-04-29 11:37:06"
    }
]
[2025-04-29T11:39:22+02:00] Before count: 12
[2025-04-29T11:39:22+02:00] After count: 13
[2025-04-29T11:39:22+02:00] Redirecting to index.php
-----
[2025-04-29T11:40:00+02:00] callback.php start
[2025-04-29T11:40:00+02:00] LOGINSFILE: /srv/agentai/logins.json
[2025-04-29T11:40:00+02:00] Raw logins.json content: [
    {
        "email": "andrea.zennaro@intarget.net",
        "date": "2025-04-29 08:54:39"
    },
    {
        "email": "andrea.zennaro@intarget.net",
        "date": "2025-04-29 08:58:02"
    },
    {
        "email": "andrea.zennaro@intarget.net",
        "date": "2025-04-29 09:01:38"
    },
    {
        "email": "andrea.zennaro@intarget.net",
        "date": "2025-04-29 09:06:56"
    },
    {
        "email": "andrea.zennaro@intarget.net",
        "date": "2025-04-29 09:07:06"
    },
    {
        "email": "andrea.zennaro@intarget.net",
        "date": "2025-04-29 11:09:27"
    },
    {
        "email": "dario.ricci@intarget.net",
        "date": "2025-04-29 11:11:53"
    },
    {
        "email": "andrea.zennaro@intarget.net",
        "date": "2025-04-29 11:22:24"
    },
    {
        "email": "nicola.savastano@intarget.net",
        "date": "2025-04-29 11:24:46"
    },
    {
        "email": "luca.calisti@intarget.net",
        "date": "2025-04-29 11:28:35"
    },
    {
        "email": "antonietta.pisani@intarget.net",
        "date": "2025-04-29 11:33:24"
    },
    {
        "email": "barbara.latorre@intarget.net",
        "date": "2025-04-29 11:37:06"
    },
    {
        "email": "luca.ciccarelli@intarget.net",
        "date": "2025-04-29 11:39:22"
    }
]
[2025-04-29T11:40:00+02:00] Before count: 13
[2025-04-29T11:40:00+02:00] After count: 14
[2025-04-29T11:40:00+02:00] Redirecting to index.php
-----
[2025-04-29T11:51:59+02:00] callback.php start
[2025-04-29T11:51:59+02:00] LOGINSFILE: /srv/agentai/logins.json
[2025-04-29T11:51:59+02:00] Raw logins.json content: [
    {
        "email": "andrea.zennaro@intarget.net",
        "date": "2025-04-29 08:54:39"
    },
    {
        "email": "andrea.zennaro@intarget.net",
        "date": "2025-04-29 08:58:02"
    },
    {
        "email": "andrea.zennaro@intarget.net",
        "date": "2025-04-29 09:01:38"
    },
    {
        "email": "andrea.zennaro@intarget.net",
        "date": "2025-04-29 09:06:56"
    },
    {
        "email": "andrea.zennaro@intarget.net",
        "date": "2025-04-29 09:07:06"
    },
    {
        "email": "andrea.zennaro@intarget.net",
        "date": "2025-04-29 11:09:27"
    },
    {
        "email": "dario.ricci@intarget.net",
        "date": "2025-04-29 11:11:53"
    },
    {
        "email": "andrea.zennaro@intarget.net",
        "date": "2025-04-29 11:22:24"
    },
    {
        "email": "nicola.savastano@intarget.net",
        "date": "2025-04-29 11:24:46"
    },
    {
        "email": "luca.calisti@intarget.net",
        "date": "2025-04-29 11:28:35"
    },
    {
        "email": "antonietta.pisani@intarget.net",
        "date": "2025-04-29 11:33:24"
    },
    {
        "email": "barbara.latorre@intarget.net",
        "date": "2025-04-29 11:37:06"
    },
    {
        "email": "luca.ciccarelli@intarget.net",
        "date": "2025-04-29 11:39:22"
    },
    {
        "email": "andrea.zennaro@intarget.net",
        "date": "2025-04-29 11:40:00"
    }
]
[2025-04-29T11:51:59+02:00] Before count: 14
[2025-04-29T11:51:59+02:00] After count: 15
[2025-04-29T11:51:59+02:00] Redirecting to index.php
-----
[2025-04-29T11:52:08+02:00] callback.php start
[2025-04-29T11:52:08+02:00] LOGINSFILE: /srv/agentai/logins.json
[2025-04-29T11:52:08+02:00] Raw logins.json content: [
    {
        "email": "andrea.zennaro@intarget.net",
        "date": "2025-04-29 08:54:39"
    },
    {
        "email": "andrea.zennaro@intarget.net",
        "date": "2025-04-29 08:58:02"
    },
    {
        "email": "andrea.zennaro@intarget.net",
        "date": "2025-04-29 09:01:38"
    },
    {
        "email": "andrea.zennaro@intarget.net",
        "date": "2025-04-29 09:06:56"
    },
    {
        "email": "andrea.zennaro@intarget.net",
        "date": "2025-04-29 09:07:06"
    },
    {
        "email": "andrea.zennaro@intarget.net",
        "date": "2025-04-29 11:09:27"
    },
    {
        "email": "dario.ricci@intarget.net",
        "date": "2025-04-29 11:11:53"
    },
    {
        "email": "andrea.zennaro@intarget.net",
        "date": "2025-04-29 11:22:24"
    },
    {
        "email": "nicola.savastano@intarget.net",
        "date": "2025-04-29 11:24:46"
    },
    {
        "email": "luca.calisti@intarget.net",
        "date": "2025-04-29 11:28:35"
    },
    {
        "email": "antonietta.pisani@intarget.net",
        "date": "2025-04-29 11:33:24"
    },
    {
        "email": "barbara.latorre@intarget.net",
        "date": "2025-04-29 11:37:06"
    },
    {
        "email": "luca.ciccarelli@intarget.net",
        "date": "2025-04-29 11:39:22"
    },
    {
        "email": "andrea.zennaro@intarget.net",
        "date": "2025-04-29 11:40:00"
    },
    {
        "email": "ines.dejesus@intarget.net",
        "date": "2025-04-29 11:51:59"
    }
]
[2025-04-29T11:52:08+02:00] Before count: 15
[2025-04-29T11:52:08+02:00] After count: 16
[2025-04-29T11:52:08+02:00] Redirecting to index.php
-----
[2025-04-29T12:12:15+02:00] callback.php start
[2025-04-29T12:12:15+02:00] LOGINSFILE: /srv/agentai/logins.json
[2025-04-29T12:12:15+02:00] Raw logins.json content: [
    {
        "email": "andrea.zennaro@intarget.net",
        "date": "2025-04-29 08:54:39"
    },
    {
        "email": "andrea.zennaro@intarget.net",
        "date": "2025-04-29 08:58:02"
    },
    {
        "email": "andrea.zennaro@intarget.net",
        "date": "2025-04-29 09:01:38"
    },
    {
        "email": "andrea.zennaro@intarget.net",
        "date": "2025-04-29 09:06:56"
    },
    {
        "email": "andrea.zennaro@intarget.net",
        "date": "2025-04-29 09:07:06"
    },
    {
        "email": "andrea.zennaro@intarget.net",
        "date": "2025-04-29 11:09:27"
    },
    {
        "email": "dario.ricci@intarget.net",
        "date": "2025-04-29 11:11:53"
    },
    {
        "email": "andrea.zennaro@intarget.net",
        "date": "2025-04-29 11:22:24"
    },
    {
        "email": "nicola.savastano@intarget.net",
        "date": "2025-04-29 11:24:46"
    },
    {
        "email": "luca.calisti@intarget.net",
        "date": "2025-04-29 11:28:35"
    },
    {
        "email": "antonietta.pisani@intarget.net",
        "date": "2025-04-29 11:33:24"
    },
    {
        "email": "barbara.latorre@intarget.net",
        "date": "2025-04-29 11:37:06"
    },
    {
        "email": "luca.ciccarelli@intarget.net",
        "date": "2025-04-29 11:39:22"
    },
    {
        "email": "andrea.zennaro@intarget.net",
        "date": "2025-04-29 11:40:00"
    },
    {
        "email": "ines.dejesus@intarget.net",
        "date": "2025-04-29 11:51:59"
    },
    {
        "email": "gabriele.amato@intarget.net",
        "date": "2025-04-29 11:52:08"
    }
]
[2025-04-29T12:12:15+02:00] Before count: 16
[2025-04-29T12:12:15+02:00] After count: 17
[2025-04-29T12:12:15+02:00] Redirecting to index.php
-----
[2025-04-29T14:15:50+02:00] callback.php start
[2025-04-29T14:15:50+02:00] LOGINSFILE: /srv/agentai/logins.json
[2025-04-29T14:15:50+02:00] Raw logins.json content: [
    {
        "email": "andrea.zennaro@intarget.net",
        "date": "2025-04-29 08:54:39"
    },
    {
        "email": "andrea.zennaro@intarget.net",
        "date": "2025-04-29 08:58:02"
    },
    {
        "email": "andrea.zennaro@intarget.net",
        "date": "2025-04-29 09:01:38"
    },
    {
        "email": "andrea.zennaro@intarget.net",
        "date": "2025-04-29 09:06:56"
    },
    {
        "email": "andrea.zennaro@intarget.net",
        "date": "2025-04-29 09:07:06"
    },
    {
        "email": "andrea.zennaro@intarget.net",
        "date": "2025-04-29 11:09:27"
    },
    {
        "email": "dario.ricci@intarget.net",
        "date": "2025-04-29 11:11:53"
    },
    {
        "email": "andrea.zennaro@intarget.net",
        "date": "2025-04-29 11:22:24"
    },
    {
        "email": "nicola.savastano@intarget.net",
        "date": "2025-04-29 11:24:46"
    },
    {
        "email": "luca.calisti@intarget.net",
        "date": "2025-04-29 11:28:35"
    },
    {
        "email": "antonietta.pisani@intarget.net",
        "date": "2025-04-29 11:33:24"
    },
    {
        "email": "barbara.latorre@intarget.net",
        "date": "2025-04-29 11:37:06"
    },
    {
        "email": "luca.ciccarelli@intarget.net",
        "date": "2025-04-29 11:39:22"
    },
    {
        "email": "andrea.zennaro@intarget.net",
        "date": "2025-04-29 11:40:00"
    },
    {
        "email": "ines.dejesus@intarget.net",
        "date": "2025-04-29 11:51:59"
    },
    {
        "email": "gabriele.amato@intarget.net",
        "date": "2025-04-29 11:52:08"
    },
    {
        "email": "barbara.latorre@intarget.net",
        "date": "2025-04-29 12:12:15"
    }
]
[2025-04-29T14:15:50+02:00] Before count: 17
[2025-04-29T14:15:50+02:00] After count: 18
[2025-04-29T14:15:50+02:00] Redirecting to index.php
-----
[2025-04-29T15:21:29+02:00] callback.php start
[2025-04-29T15:21:29+02:00] LOGINSFILE: /srv/agentai/logins.json
[2025-04-29T15:21:29+02:00] Raw logins.json content: [
    {
        "email": "andrea.zennaro@intarget.net",
        "date": "2025-04-29 08:54:39"
    },
    {
        "email": "andrea.zennaro@intarget.net",
        "date": "2025-04-29 08:58:02"
    },
    {
        "email": "andrea.zennaro@intarget.net",
        "date": "2025-04-29 09:01:38"
    },
    {
        "email": "andrea.zennaro@intarget.net",
        "date": "2025-04-29 09:06:56"
    },
    {
        "email": "andrea.zennaro@intarget.net",
        "date": "2025-04-29 09:07:06"
    },
    {
        "email": "andrea.zennaro@intarget.net",
        "date": "2025-04-29 11:09:27"
    },
    {
        "email": "dario.ricci@intarget.net",
        "date": "2025-04-29 11:11:53"
    },
    {
        "email": "andrea.zennaro@intarget.net",
        "date": "2025-04-29 11:22:24"
    },
    {
        "email": "nicola.savastano@intarget.net",
        "date": "2025-04-29 11:24:46"
    },
    {
        "email": "luca.calisti@intarget.net",
        "date": "2025-04-29 11:28:35"
    },
    {
        "email": "antonietta.pisani@intarget.net",
        "date": "2025-04-29 11:33:24"
    },
    {
        "email": "barbara.latorre@intarget.net",
        "date": "2025-04-29 11:37:06"
    },
    {
        "email": "luca.ciccarelli@intarget.net",
        "date": "2025-04-29 11:39:22"
    },
    {
        "email": "andrea.zennaro@intarget.net",
        "date": "2025-04-29 11:40:00"
    },
    {
        "email": "ines.dejesus@intarget.net",
        "date": "2025-04-29 11:51:59"
    },
    {
        "email": "gabriele.amato@intarget.net",
        "date": "2025-04-29 11:52:08"
    },
    {
        "email": "barbara.latorre@intarget.net",
        "date": "2025-04-29 12:12:15"
    },
    {
        "email": "susanna.boggia@intarget.net",
        "date": "2025-04-29 14:15:50"
    }
]
[2025-04-29T15:21:29+02:00] Before count: 18
[2025-04-29T15:21:29+02:00] After count: 19
[2025-04-29T15:21:29+02:00] Redirecting to index.php
-----
[2025-04-30T10:53:04+02:00] callback.php start
[2025-04-30T10:53:04+02:00] LOGINSFILE: /srv/agentai/logins.json
[2025-04-30T10:53:04+02:00] Raw logins.json content: [
    {
        "email": "andrea.zennaro@intarget.net",
        "date": "2025-04-29 08:54:39"
    },
    {
        "email": "andrea.zennaro@intarget.net",
        "date": "2025-04-29 08:58:02"
    },
    {
        "email": "andrea.zennaro@intarget.net",
        "date": "2025-04-29 09:01:38"
    },
    {
        "email": "andrea.zennaro@intarget.net",
        "date": "2025-04-29 09:06:56"
    },
    {
        "email": "andrea.zennaro@intarget.net",
        "date": "2025-04-29 09:07:06"
    },
    {
        "email": "andrea.zennaro@intarget.net",
        "date": "2025-04-29 11:09:27"
    },
    {
        "email": "dario.ricci@intarget.net",
        "date": "2025-04-29 11:11:53"
    },
    {
        "email": "andrea.zennaro@intarget.net",
        "date": "2025-04-29 11:22:24"
    },
    {
        "email": "nicola.savastano@intarget.net",
        "date": "2025-04-29 11:24:46"
    },
    {
        "email": "luca.calisti@intarget.net",
        "date": "2025-04-29 11:28:35"
    },
    {
        "email": "antonietta.pisani@intarget.net",
        "date": "2025-04-29 11:33:24"
    },
    {
        "email": "barbara.latorre@intarget.net",
        "date": "2025-04-29 11:37:06"
    },
    {
        "email": "luca.ciccarelli@intarget.net",
        "date": "2025-04-29 11:39:22"
    },
    {
        "email": "andrea.zennaro@intarget.net",
        "date": "2025-04-29 11:40:00"
    },
    {
        "email": "ines.dejesus@intarget.net",
        "date": "2025-04-29 11:51:59"
    },
    {
        "email": "gabriele.amato@intarget.net",
        "date": "2025-04-29 11:52:08"
    },
    {
        "email": "barbara.latorre@intarget.net",
        "date": "2025-04-29 12:12:15"
    },
    {
        "email": "susanna.boggia@intarget.net",
        "date": "2025-04-29 14:15:50"
    },
    {
        "email": "andrea.topini@intarget.net",
        "date": "2025-04-29 15:21:29"
    }
]
[2025-04-30T10:53:04+02:00] Before count: 19
[2025-04-30T10:53:04+02:00] After count: 20
[2025-04-30T10:53:04+02:00] Redirecting to index.php
-----
[2025-05-03T08:02:20+02:00] callback.php start
[2025-05-03T08:02:20+02:00] LOGINSFILE: /srv/agentai/logins.json
[2025-05-03T08:02:20+02:00] Raw logins.json content: [
    {
        "email": "andrea.zennaro@intarget.net",
        "date": "2025-04-29 08:54:39"
    },
    {
        "email": "andrea.zennaro@intarget.net",
        "date": "2025-04-29 08:58:02"
    },
    {
        "email": "andrea.zennaro@intarget.net",
        "date": "2025-04-29 09:01:38"
    },
    {
        "email": "andrea.zennaro@intarget.net",
        "date": "2025-04-29 09:06:56"
    },
    {
        "email": "andrea.zennaro@intarget.net",
        "date": "2025-04-29 09:07:06"
    },
    {
        "email": "andrea.zennaro@intarget.net",
        "date": "2025-04-29 11:09:27"
    },
    {
        "email": "dario.ricci@intarget.net",
        "date": "2025-04-29 11:11:53"
    },
    {
        "email": "andrea.zennaro@intarget.net",
        "date": "2025-04-29 11:22:24"
    },
    {
        "email": "nicola.savastano@intarget.net",
        "date": "2025-04-29 11:24:46"
    },
    {
        "email": "luca.calisti@intarget.net",
        "date": "2025-04-29 11:28:35"
    },
    {
        "email": "antonietta.pisani@intarget.net",
        "date": "2025-04-29 11:33:24"
    },
    {
        "email": "barbara.latorre@intarget.net",
        "date": "2025-04-29 11:37:06"
    },
    {
        "email": "luca.ciccarelli@intarget.net",
        "date": "2025-04-29 11:39:22"
    },
    {
        "email": "andrea.zennaro@intarget.net",
        "date": "2025-04-29 11:40:00"
    },
    {
        "email": "ines.dejesus@intarget.net",
        "date": "2025-04-29 11:51:59"
    },
    {
        "email": "gabriele.amato@intarget.net",
        "date": "2025-04-29 11:52:08"
    },
    {
        "email": "barbara.latorre@intarget.net",
        "date": "2025-04-29 12:12:15"
    },
    {
        "email": "susanna.boggia@intarget.net",
        "date": "2025-04-29 14:15:50"
    },
    {
        "email": "andrea.topini@intarget.net",
        "date": "2025-04-29 15:21:29"
    },
    {
        "email": "andrea.zennaro@intarget.net",
        "date": "2025-04-30 10:53:04"
    }
]
[2025-05-03T08:02:20+02:00] Before count: 20
[2025-05-03T08:02:20+02:00] After count: 21
[2025-05-03T08:02:20+02:00] Redirecting to index.php
-----
[2025-05-05T09:44:59+02:00] callback.php start
[2025-05-05T09:44:59+02:00] LOGINSFILE: /srv/agentai/logins.json
[2025-05-05T09:44:59+02:00] Raw logins.json content: [
    {
        "email": "andrea.zennaro@intarget.net",
        "date": "2025-04-29 08:54:39"
    },
    {
        "email": "andrea.zennaro@intarget.net",
        "date": "2025-04-29 08:58:02"
    },
    {
        "email": "andrea.zennaro@intarget.net",
        "date": "2025-04-29 09:01:38"
    },
    {
        "email": "andrea.zennaro@intarget.net",
        "date": "2025-04-29 09:06:56"
    },
    {
        "email": "andrea.zennaro@intarget.net",
        "date": "2025-04-29 09:07:06"
    },
    {
        "email": "andrea.zennaro@intarget.net",
        "date": "2025-04-29 11:09:27"
    },
    {
        "email": "dario.ricci@intarget.net",
        "date": "2025-04-29 11:11:53"
    },
    {
        "email": "andrea.zennaro@intarget.net",
        "date": "2025-04-29 11:22:24"
    },
    {
        "email": "nicola.savastano@intarget.net",
        "date": "2025-04-29 11:24:46"
    },
    {
        "email": "luca.calisti@intarget.net",
        "date": "2025-04-29 11:28:35"
    },
    {
        "email": "antonietta.pisani@intarget.net",
        "date": "2025-04-29 11:33:24"
    },
    {
        "email": "barbara.latorre@intarget.net",
        "date": "2025-04-29 11:37:06"
    },
    {
        "email": "luca.ciccarelli@intarget.net",
        "date": "2025-04-29 11:39:22"
    },
    {
        "email": "andrea.zennaro@intarget.net",
        "date": "2025-04-29 11:40:00"
    },
    {
        "email": "ines.dejesus@intarget.net",
        "date": "2025-04-29 11:51:59"
    },
    {
        "email": "gabriele.amato@intarget.net",
        "date": "2025-04-29 11:52:08"
    },
    {
        "email": "barbara.latorre@intarget.net",
        "date": "2025-04-29 12:12:15"
    },
    {
        "email": "susanna.boggia@intarget.net",
        "date": "2025-04-29 14:15:50"
    },
    {
        "email": "andrea.topini@intarget.net",
        "date": "2025-04-29 15:21:29"
    },
    {
        "email": "andrea.zennaro@intarget.net",
        "date": "2025-04-30 10:53:04"
    },
    {
        "email": "nicola.tanzini@intarget.net",
        "date": "2025-05-03 08:02:20"
    }
]
[2025-05-05T09:44:59+02:00] Before count: 21
[2025-05-05T09:44:59+02:00] After count: 22
[2025-05-05T09:44:59+02:00] Redirecting to index.php
-----
[2025-05-05T09:47:56+02:00] callback.php start
[2025-05-05T09:47:56+02:00] LOGINSFILE: /srv/agentai/logins.json
[2025-05-05T09:47:56+02:00] Raw logins.json content: [
    {
        "email": "andrea.zennaro@intarget.net",
        "date": "2025-04-29 08:54:39"
    },
    {
        "email": "andrea.zennaro@intarget.net",
        "date": "2025-04-29 08:58:02"
    },
    {
        "email": "andrea.zennaro@intarget.net",
        "date": "2025-04-29 09:01:38"
    },
    {
        "email": "andrea.zennaro@intarget.net",
        "date": "2025-04-29 09:06:56"
    },
    {
        "email": "andrea.zennaro@intarget.net",
        "date": "2025-04-29 09:07:06"
    },
    {
        "email": "andrea.zennaro@intarget.net",
        "date": "2025-04-29 11:09:27"
    },
    {
        "email": "dario.ricci@intarget.net",
        "date": "2025-04-29 11:11:53"
    },
    {
        "email": "andrea.zennaro@intarget.net",
        "date": "2025-04-29 11:22:24"
    },
    {
        "email": "nicola.savastano@intarget.net",
        "date": "2025-04-29 11:24:46"
    },
    {
        "email": "luca.calisti@intarget.net",
        "date": "2025-04-29 11:28:35"
    },
    {
        "email": "antonietta.pisani@intarget.net",
        "date": "2025-04-29 11:33:24"
    },
    {
        "email": "barbara.latorre@intarget.net",
        "date": "2025-04-29 11:37:06"
    },
    {
        "email": "luca.ciccarelli@intarget.net",
        "date": "2025-04-29 11:39:22"
    },
    {
        "email": "andrea.zennaro@intarget.net",
        "date": "2025-04-29 11:40:00"
    },
    {
        "email": "ines.dejesus@intarget.net",
        "date": "2025-04-29 11:51:59"
    },
    {
        "email": "gabriele.amato@intarget.net",
        "date": "2025-04-29 11:52:08"
    },
    {
        "email": "barbara.latorre@intarget.net",
        "date": "2025-04-29 12:12:15"
    },
    {
        "email": "susanna.boggia@intarget.net",
        "date": "2025-04-29 14:15:50"
    },
    {
        "email": "andrea.topini@intarget.net",
        "date": "2025-04-29 15:21:29"
    },
    {
        "email": "andrea.zennaro@intarget.net",
        "date": "2025-04-30 10:53:04"
    },
    {
        "email": "nicola.tanzini@intarget.net",
        "date": "2025-05-03 08:02:20"
    },
    {
        "email": "damiano.antonelli@intarget.net",
        "date": "2025-05-05 09:44:59"
    }
]
[2025-05-05T09:47:56+02:00] Before count: 22
[2025-05-05T09:47:56+02:00] After count: 23
[2025-05-05T09:47:56+02:00] Redirecting to index.php
-----
[2025-05-05T10:27:54+02:00] callback.php start
[2025-05-05T10:27:54+02:00] LOGINSFILE: /srv/agentai/logins.json
[2025-05-05T10:27:54+02:00] Raw logins.json content: [
    {
        "email": "andrea.zennaro@intarget.net",
        "date": "2025-04-29 08:54:39"
    },
    {
        "email": "andrea.zennaro@intarget.net",
        "date": "2025-04-29 08:58:02"
    },
    {
        "email": "andrea.zennaro@intarget.net",
        "date": "2025-04-29 09:01:38"
    },
    {
        "email": "andrea.zennaro@intarget.net",
        "date": "2025-04-29 09:06:56"
    },
    {
        "email": "andrea.zennaro@intarget.net",
        "date": "2025-04-29 09:07:06"
    },
    {
        "email": "andrea.zennaro@intarget.net",
        "date": "2025-04-29 11:09:27"
    },
    {
        "email": "dario.ricci@intarget.net",
        "date": "2025-04-29 11:11:53"
    },
    {
        "email": "andrea.zennaro@intarget.net",
        "date": "2025-04-29 11:22:24"
    },
    {
        "email": "nicola.savastano@intarget.net",
        "date": "2025-04-29 11:24:46"
    },
    {
        "email": "luca.calisti@intarget.net",
        "date": "2025-04-29 11:28:35"
    },
    {
        "email": "antonietta.pisani@intarget.net",
        "date": "2025-04-29 11:33:24"
    },
    {
        "email": "barbara.latorre@intarget.net",
        "date": "2025-04-29 11:37:06"
    },
    {
        "email": "luca.ciccarelli@intarget.net",
        "date": "2025-04-29 11:39:22"
    },
    {
        "email": "andrea.zennaro@intarget.net",
        "date": "2025-04-29 11:40:00"
    },
    {
        "email": "ines.dejesus@intarget.net",
        "date": "2025-04-29 11:51:59"
    },
    {
        "email": "gabriele.amato@intarget.net",
        "date": "2025-04-29 11:52:08"
    },
    {
        "email": "barbara.latorre@intarget.net",
        "date": "2025-04-29 12:12:15"
    },
    {
        "email": "susanna.boggia@intarget.net",
        "date": "2025-04-29 14:15:50"
    },
    {
        "email": "andrea.topini@intarget.net",
        "date": "2025-04-29 15:21:29"
    },
    {
        "email": "andrea.zennaro@intarget.net",
        "date": "2025-04-30 10:53:04"
    },
    {
        "email": "nicola.tanzini@intarget.net",
        "date": "2025-05-03 08:02:20"
    },
    {
        "email": "damiano.antonelli@intarget.net",
        "date": "2025-05-05 09:44:59"
    },
    {
        "email": "susanna.boggia@intarget.net",
        "date": "2025-05-05 09:47:56"
    }
]
[2025-05-05T10:27:54+02:00] Before count: 23
[2025-05-05T10:27:54+02:00] After count: 24
[2025-05-05T10:27:54+02:00] Redirecting to index.php
-----
[2025-05-05T12:23:00+02:00] callback.php start
[2025-05-05T12:23:00+02:00] LOGINSFILE: /srv/agentai/logins.json
[2025-05-05T12:23:00+02:00] Raw logins.json content: [
    {
        "email": "andrea.zennaro@intarget.net",
        "date": "2025-04-29 08:54:39"
    },
    {
        "email": "andrea.zennaro@intarget.net",
        "date": "2025-04-29 08:58:02"
    },
    {
        "email": "andrea.zennaro@intarget.net",
        "date": "2025-04-29 09:01:38"
    },
    {
        "email": "andrea.zennaro@intarget.net",
        "date": "2025-04-29 09:06:56"
    },
    {
        "email": "andrea.zennaro@intarget.net",
        "date": "2025-04-29 09:07:06"
    },
    {
        "email": "andrea.zennaro@intarget.net",
        "date": "2025-04-29 11:09:27"
    },
    {
        "email": "dario.ricci@intarget.net",
        "date": "2025-04-29 11:11:53"
    },
    {
        "email": "andrea.zennaro@intarget.net",
        "date": "2025-04-29 11:22:24"
    },
    {
        "email": "nicola.savastano@intarget.net",
        "date": "2025-04-29 11:24:46"
    },
    {
        "email": "luca.calisti@intarget.net",
        "date": "2025-04-29 11:28:35"
    },
    {
        "email": "antonietta.pisani@intarget.net",
        "date": "2025-04-29 11:33:24"
    },
    {
        "email": "barbara.latorre@intarget.net",
        "date": "2025-04-29 11:37:06"
    },
    {
        "email": "luca.ciccarelli@intarget.net",
        "date": "2025-04-29 11:39:22"
    },
    {
        "email": "andrea.zennaro@intarget.net",
        "date": "2025-04-29 11:40:00"
    },
    {
        "email": "ines.dejesus@intarget.net",
        "date": "2025-04-29 11:51:59"
    },
    {
        "email": "gabriele.amato@intarget.net",
        "date": "2025-04-29 11:52:08"
    },
    {
        "email": "barbara.latorre@intarget.net",
        "date": "2025-04-29 12:12:15"
    },
    {
        "email": "susanna.boggia@intarget.net",
        "date": "2025-04-29 14:15:50"
    },
    {
        "email": "andrea.topini@intarget.net",
        "date": "2025-04-29 15:21:29"
    },
    {
        "email": "andrea.zennaro@intarget.net",
        "date": "2025-04-30 10:53:04"
    },
    {
        "email": "nicola.tanzini@intarget.net",
        "date": "2025-05-03 08:02:20"
    },
    {
        "email": "damiano.antonelli@intarget.net",
        "date": "2025-05-05 09:44:59"
    },
    {
        "email": "susanna.boggia@intarget.net",
        "date": "2025-05-05 09:47:56"
    },
    {
        "email": "andrea.zennaro@intarget.net",
        "date": "2025-05-05 10:27:54"
    }
]
[2025-05-05T12:23:00+02:00] Before count: 24
[2025-05-05T12:23:00+02:00] After count: 25
[2025-05-05T12:23:00+02:00] Redirecting to index.php
-----
[2025-05-05T14:30:43+02:00] callback.php start
[2025-05-05T14:30:43+02:00] LOGINSFILE: /srv/agentai/logins.json
[2025-05-05T14:30:43+02:00] Raw logins.json content: [
    {
        "email": "andrea.zennaro@intarget.net",
        "date": "2025-04-29 08:54:39"
    },
    {
        "email": "andrea.zennaro@intarget.net",
        "date": "2025-04-29 08:58:02"
    },
    {
        "email": "andrea.zennaro@intarget.net",
        "date": "2025-04-29 09:01:38"
    },
    {
        "email": "andrea.zennaro@intarget.net",
        "date": "2025-04-29 09:06:56"
    },
    {
        "email": "andrea.zennaro@intarget.net",
        "date": "2025-04-29 09:07:06"
    },
    {
        "email": "andrea.zennaro@intarget.net",
        "date": "2025-04-29 11:09:27"
    },
    {
        "email": "dario.ricci@intarget.net",
        "date": "2025-04-29 11:11:53"
    },
    {
        "email": "andrea.zennaro@intarget.net",
        "date": "2025-04-29 11:22:24"
    },
    {
        "email": "nicola.savastano@intarget.net",
        "date": "2025-04-29 11:24:46"
    },
    {
        "email": "luca.calisti@intarget.net",
        "date": "2025-04-29 11:28:35"
    },
    {
        "email": "antonietta.pisani@intarget.net",
        "date": "2025-04-29 11:33:24"
    },
    {
        "email": "barbara.latorre@intarget.net",
        "date": "2025-04-29 11:37:06"
    },
    {
        "email": "luca.ciccarelli@intarget.net",
        "date": "2025-04-29 11:39:22"
    },
    {
        "email": "andrea.zennaro@intarget.net",
        "date": "2025-04-29 11:40:00"
    },
    {
        "email": "ines.dejesus@intarget.net",
        "date": "2025-04-29 11:51:59"
    },
    {
        "email": "gabriele.amato@intarget.net",
        "date": "2025-04-29 11:52:08"
    },
    {
        "email": "barbara.latorre@intarget.net",
        "date": "2025-04-29 12:12:15"
    },
    {
        "email": "susanna.boggia@intarget.net",
        "date": "2025-04-29 14:15:50"
    },
    {
        "email": "andrea.topini@intarget.net",
        "date": "2025-04-29 15:21:29"
    },
    {
        "email": "andrea.zennaro@intarget.net",
        "date": "2025-04-30 10:53:04"
    },
    {
        "email": "nicola.tanzini@intarget.net",
        "date": "2025-05-03 08:02:20"
    },
    {
        "email": "damiano.antonelli@intarget.net",
        "date": "2025-05-05 09:44:59"
    },
    {
        "email": "susanna.boggia@intarget.net",
        "date": "2025-05-05 09:47:56"
    },
    {
        "email": "andrea.zennaro@intarget.net",
        "date": "2025-05-05 10:27:54"
    },
    {
        "email": "emilio.biondi@intarget.net",
        "date": "2025-05-05 12:23:00"
    }
]
[2025-05-05T14:30:43+02:00] Before count: 25
[2025-05-05T14:30:43+02:00] After count: 26
[2025-05-05T14:30:43+02:00] Redirecting to index.php
-----
[2025-05-05T15:46:32+02:00] callback.php start
[2025-05-05T15:46:32+02:00] LOGINSFILE: /srv/agentai/logins.json
[2025-05-05T15:46:32+02:00] Raw logins.json content: [
    {
        "email": "andrea.zennaro@intarget.net",
        "date": "2025-04-29 08:54:39"
    },
    {
        "email": "andrea.zennaro@intarget.net",
        "date": "2025-04-29 08:58:02"
    },
    {
        "email": "andrea.zennaro@intarget.net",
        "date": "2025-04-29 09:01:38"
    },
    {
        "email": "andrea.zennaro@intarget.net",
        "date": "2025-04-29 09:06:56"
    },
    {
        "email": "andrea.zennaro@intarget.net",
        "date": "2025-04-29 09:07:06"
    },
    {
        "email": "andrea.zennaro@intarget.net",
        "date": "2025-04-29 11:09:27"
    },
    {
        "email": "dario.ricci@intarget.net",
        "date": "2025-04-29 11:11:53"
    },
    {
        "email": "andrea.zennaro@intarget.net",
        "date": "2025-04-29 11:22:24"
    },
    {
        "email": "nicola.savastano@intarget.net",
        "date": "2025-04-29 11:24:46"
    },
    {
        "email": "luca.calisti@intarget.net",
        "date": "2025-04-29 11:28:35"
    },
    {
        "email": "antonietta.pisani@intarget.net",
        "date": "2025-04-29 11:33:24"
    },
    {
        "email": "barbara.latorre@intarget.net",
        "date": "2025-04-29 11:37:06"
    },
    {
        "email": "luca.ciccarelli@intarget.net",
        "date": "2025-04-29 11:39:22"
    },
    {
        "email": "andrea.zennaro@intarget.net",
        "date": "2025-04-29 11:40:00"
    },
    {
        "email": "ines.dejesus@intarget.net",
        "date": "2025-04-29 11:51:59"
    },
    {
        "email": "gabriele.amato@intarget.net",
        "date": "2025-04-29 11:52:08"
    },
    {
        "email": "barbara.latorre@intarget.net",
        "date": "2025-04-29 12:12:15"
    },
    {
        "email": "susanna.boggia@intarget.net",
        "date": "2025-04-29 14:15:50"
    },
    {
        "email": "andrea.topini@intarget.net",
        "date": "2025-04-29 15:21:29"
    },
    {
        "email": "andrea.zennaro@intarget.net",
        "date": "2025-04-30 10:53:04"
    },
    {
        "email": "nicola.tanzini@intarget.net",
        "date": "2025-05-03 08:02:20"
    },
    {
        "email": "damiano.antonelli@intarget.net",
        "date": "2025-05-05 09:44:59"
    },
    {
        "email": "susanna.boggia@intarget.net",
        "date": "2025-05-05 09:47:56"
    },
    {
        "email": "andrea.zennaro@intarget.net",
        "date": "2025-05-05 10:27:54"
    },
    {
        "email": "emilio.biondi@intarget.net",
        "date": "2025-05-05 12:23:00"
    },
    {
        "email": "damiano.antonelli@intarget.net",
        "date": "2025-05-05 14:30:43"
    }
]
[2025-05-05T15:46:32+02:00] Before count: 26
[2025-05-05T15:46:32+02:00] After count: 27
[2025-05-05T15:46:32+02:00] Redirecting to index.php
-----
[2025-05-06T09:30:38+02:00] callback.php start
[2025-05-06T09:30:38+02:00] LOGINSFILE: /srv/agentai/logins.json
[2025-05-06T09:30:38+02:00] Raw logins.json content: [
    {
        "email": "andrea.zennaro@intarget.net",
        "date": "2025-04-29 08:54:39"
    },
    {
        "email": "andrea.zennaro@intarget.net",
        "date": "2025-04-29 08:58:02"
    },
    {
        "email": "andrea.zennaro@intarget.net",
        "date": "2025-04-29 09:01:38"
    },
    {
        "email": "andrea.zennaro@intarget.net",
        "date": "2025-04-29 09:06:56"
    },
    {
        "email": "andrea.zennaro@intarget.net",
        "date": "2025-04-29 09:07:06"
    },
    {
        "email": "andrea.zennaro@intarget.net",
        "date": "2025-04-29 11:09:27"
    },
    {
        "email": "dario.ricci@intarget.net",
        "date": "2025-04-29 11:11:53"
    },
    {
        "email": "andrea.zennaro@intarget.net",
        "date": "2025-04-29 11:22:24"
    },
    {
        "email": "nicola.savastano@intarget.net",
        "date": "2025-04-29 11:24:46"
    },
    {
        "email": "luca.calisti@intarget.net",
        "date": "2025-04-29 11:28:35"
    },
    {
        "email": "antonietta.pisani@intarget.net",
        "date": "2025-04-29 11:33:24"
    },
    {
        "email": "barbara.latorre@intarget.net",
        "date": "2025-04-29 11:37:06"
    },
    {
        "email": "luca.ciccarelli@intarget.net",
        "date": "2025-04-29 11:39:22"
    },
    {
        "email": "andrea.zennaro@intarget.net",
        "date": "2025-04-29 11:40:00"
    },
    {
        "email": "ines.dejesus@intarget.net",
        "date": "2025-04-29 11:51:59"
    },
    {
        "email": "gabriele.amato@intarget.net",
        "date": "2025-04-29 11:52:08"
    },
    {
        "email": "barbara.latorre@intarget.net",
        "date": "2025-04-29 12:12:15"
    },
    {
        "email": "susanna.boggia@intarget.net",
        "date": "2025-04-29 14:15:50"
    },
    {
        "email": "andrea.topini@intarget.net",
        "date": "2025-04-29 15:21:29"
    },
    {
        "email": "andrea.zennaro@intarget.net",
        "date": "2025-04-30 10:53:04"
    },
    {
        "email": "nicola.tanzini@intarget.net",
        "date": "2025-05-03 08:02:20"
    },
    {
        "email": "damiano.antonelli@intarget.net",
        "date": "2025-05-05 09:44:59"
    },
    {
        "email": "susanna.boggia@intarget.net",
        "date": "2025-05-05 09:47:56"
    },
    {
        "email": "andrea.zennaro@intarget.net",
        "date": "2025-05-05 10:27:54"
    },
    {
        "email": "emilio.biondi@intarget.net",
        "date": "2025-05-05 12:23:00"
    },
    {
        "email": "damiano.antonelli@intarget.net",
        "date": "2025-05-05 14:30:43"
    },
    {
        "email": "andrea.zennaro@intarget.net",
        "date": "2025-05-05 15:46:32"
    }
]
[2025-05-06T09:30:38+02:00] Before count: 27
[2025-05-06T09:30:38+02:00] After count: 28
[2025-05-06T09:30:38+02:00] Redirecting to index.php
-----
[2025-05-06T09:59:36+02:00] callback.php start
[2025-05-06T09:59:36+02:00] LOGINSFILE: /srv/agentai/logins.json
[2025-05-06T09:59:36+02:00] Raw logins.json content: [
    {
        "email": "andrea.zennaro@intarget.net",
        "date": "2025-04-29 08:54:39"
    },
    {
        "email": "andrea.zennaro@intarget.net",
        "date": "2025-04-29 08:58:02"
    },
    {
        "email": "andrea.zennaro@intarget.net",
        "date": "2025-04-29 09:01:38"
    },
    {
        "email": "andrea.zennaro@intarget.net",
        "date": "2025-04-29 09:06:56"
    },
    {
        "email": "andrea.zennaro@intarget.net",
        "date": "2025-04-29 09:07:06"
    },
    {
        "email": "andrea.zennaro@intarget.net",
        "date": "2025-04-29 11:09:27"
    },
    {
        "email": "dario.ricci@intarget.net",
        "date": "2025-04-29 11:11:53"
    },
    {
        "email": "andrea.zennaro@intarget.net",
        "date": "2025-04-29 11:22:24"
    },
    {
        "email": "nicola.savastano@intarget.net",
        "date": "2025-04-29 11:24:46"
    },
    {
        "email": "luca.calisti@intarget.net",
        "date": "2025-04-29 11:28:35"
    },
    {
        "email": "antonietta.pisani@intarget.net",
        "date": "2025-04-29 11:33:24"
    },
    {
        "email": "barbara.latorre@intarget.net",
        "date": "2025-04-29 11:37:06"
    },
    {
        "email": "luca.ciccarelli@intarget.net",
        "date": "2025-04-29 11:39:22"
    },
    {
        "email": "andrea.zennaro@intarget.net",
        "date": "2025-04-29 11:40:00"
    },
    {
        "email": "ines.dejesus@intarget.net",
        "date": "2025-04-29 11:51:59"
    },
    {
        "email": "gabriele.amato@intarget.net",
        "date": "2025-04-29 11:52:08"
    },
    {
        "email": "barbara.latorre@intarget.net",
        "date": "2025-04-29 12:12:15"
    },
    {
        "email": "susanna.boggia@intarget.net",
        "date": "2025-04-29 14:15:50"
    },
    {
        "email": "andrea.topini@intarget.net",
        "date": "2025-04-29 15:21:29"
    },
    {
        "email": "andrea.zennaro@intarget.net",
        "date": "2025-04-30 10:53:04"
    },
    {
        "email": "nicola.tanzini@intarget.net",
        "date": "2025-05-03 08:02:20"
    },
    {
        "email": "damiano.antonelli@intarget.net",
        "date": "2025-05-05 09:44:59"
    },
    {
        "email": "susanna.boggia@intarget.net",
        "date": "2025-05-05 09:47:56"
    },
    {
        "email": "andrea.zennaro@intarget.net",
        "date": "2025-05-05 10:27:54"
    },
    {
        "email": "emilio.biondi@intarget.net",
        "date": "2025-05-05 12:23:00"
    },
    {
        "email": "damiano.antonelli@intarget.net",
        "date": "2025-05-05 14:30:43"
    },
    {
        "email": "andrea.zennaro@intarget.net",
        "date": "2025-05-05 15:46:32"
    },
    {
        "email": "lisa.luperini@intarget.net",
        "date": "2025-05-06 09:30:38"
    }
]
[2025-05-06T09:59:36+02:00] Before count: 28
[2025-05-06T09:59:36+02:00] After count: 29
[2025-05-06T09:59:36+02:00] Redirecting to index.php
-----
[2025-05-06T11:04:39+02:00] callback.php start
[2025-05-06T11:04:39+02:00] LOGINSFILE: /srv/agentai/logins.json
[2025-05-06T11:04:39+02:00] Raw logins.json content: [
    {
        "email": "andrea.zennaro@intarget.net",
        "date": "2025-04-29 08:54:39"
    },
    {
        "email": "andrea.zennaro@intarget.net",
        "date": "2025-04-29 08:58:02"
    },
    {
        "email": "andrea.zennaro@intarget.net",
        "date": "2025-04-29 09:01:38"
    },
    {
        "email": "andrea.zennaro@intarget.net",
        "date": "2025-04-29 09:06:56"
    },
    {
        "email": "andrea.zennaro@intarget.net",
        "date": "2025-04-29 09:07:06"
    },
    {
        "email": "andrea.zennaro@intarget.net",
        "date": "2025-04-29 11:09:27"
    },
    {
        "email": "dario.ricci@intarget.net",
        "date": "2025-04-29 11:11:53"
    },
    {
        "email": "andrea.zennaro@intarget.net",
        "date": "2025-04-29 11:22:24"
    },
    {
        "email": "nicola.savastano@intarget.net",
        "date": "2025-04-29 11:24:46"
    },
    {
        "email": "luca.calisti@intarget.net",
        "date": "2025-04-29 11:28:35"
    },
    {
        "email": "antonietta.pisani@intarget.net",
        "date": "2025-04-29 11:33:24"
    },
    {
        "email": "barbara.latorre@intarget.net",
        "date": "2025-04-29 11:37:06"
    },
    {
        "email": "luca.ciccarelli@intarget.net",
        "date": "2025-04-29 11:39:22"
    },
    {
        "email": "andrea.zennaro@intarget.net",
        "date": "2025-04-29 11:40:00"
    },
    {
        "email": "ines.dejesus@intarget.net",
        "date": "2025-04-29 11:51:59"
    },
    {
        "email": "gabriele.amato@intarget.net",
        "date": "2025-04-29 11:52:08"
    },
    {
        "email": "barbara.latorre@intarget.net",
        "date": "2025-04-29 12:12:15"
    },
    {
        "email": "susanna.boggia@intarget.net",
        "date": "2025-04-29 14:15:50"
    },
    {
        "email": "andrea.topini@intarget.net",
        "date": "2025-04-29 15:21:29"
    },
    {
        "email": "andrea.zennaro@intarget.net",
        "date": "2025-04-30 10:53:04"
    },
    {
        "email": "nicola.tanzini@intarget.net",
        "date": "2025-05-03 08:02:20"
    },
    {
        "email": "damiano.antonelli@intarget.net",
        "date": "2025-05-05 09:44:59"
    },
    {
        "email": "susanna.boggia@intarget.net",
        "date": "2025-05-05 09:47:56"
    },
    {
        "email": "andrea.zennaro@intarget.net",
        "date": "2025-05-05 10:27:54"
    },
    {
        "email": "emilio.biondi@intarget.net",
        "date": "2025-05-05 12:23:00"
    },
    {
        "email": "damiano.antonelli@intarget.net",
        "date": "2025-05-05 14:30:43"
    },
    {
        "email": "andrea.zennaro@intarget.net",
        "date": "2025-05-05 15:46:32"
    },
    {
        "email": "lisa.luperini@intarget.net",
        "date": "2025-05-06 09:30:38"
    },
    {
        "email": "andrea.zennaro@intarget.net",
        "date": "2025-05-06 09:59:36"
    }
]
[2025-05-06T11:04:39+02:00] Before count: 29
[2025-05-06T11:04:39+02:00] After count: 30
[2025-05-06T11:04:39+02:00] Redirecting to index.php
-----
[2025-05-06T11:06:14+02:00] callback.php start
[2025-05-06T11:06:14+02:00] LOGINSFILE: /srv/agentai/logins.json
[2025-05-06T11:06:14+02:00] Raw logins.json content: [
    {
        "email": "andrea.zennaro@intarget.net",
        "date": "2025-04-29 08:54:39"
    },
    {
        "email": "andrea.zennaro@intarget.net",
        "date": "2025-04-29 08:58:02"
    },
    {
        "email": "andrea.zennaro@intarget.net",
        "date": "2025-04-29 09:01:38"
    },
    {
        "email": "andrea.zennaro@intarget.net",
        "date": "2025-04-29 09:06:56"
    },
    {
        "email": "andrea.zennaro@intarget.net",
        "date": "2025-04-29 09:07:06"
    },
    {
        "email": "andrea.zennaro@intarget.net",
        "date": "2025-04-29 11:09:27"
    },
    {
        "email": "dario.ricci@intarget.net",
        "date": "2025-04-29 11:11:53"
    },
    {
        "email": "andrea.zennaro@intarget.net",
        "date": "2025-04-29 11:22:24"
    },
    {
        "email": "nicola.savastano@intarget.net",
        "date": "2025-04-29 11:24:46"
    },
    {
        "email": "luca.calisti@intarget.net",
        "date": "2025-04-29 11:28:35"
    },
    {
        "email": "antonietta.pisani@intarget.net",
        "date": "2025-04-29 11:33:24"
    },
    {
        "email": "barbara.latorre@intarget.net",
        "date": "2025-04-29 11:37:06"
    },
    {
        "email": "luca.ciccarelli@intarget.net",
        "date": "2025-04-29 11:39:22"
    },
    {
        "email": "andrea.zennaro@intarget.net",
        "date": "2025-04-29 11:40:00"
    },
    {
        "email": "ines.dejesus@intarget.net",
        "date": "2025-04-29 11:51:59"
    },
    {
        "email": "gabriele.amato@intarget.net",
        "date": "2025-04-29 11:52:08"
    },
    {
        "email": "barbara.latorre@intarget.net",
        "date": "2025-04-29 12:12:15"
    },
    {
        "email": "susanna.boggia@intarget.net",
        "date": "2025-04-29 14:15:50"
    },
    {
        "email": "andrea.topini@intarget.net",
        "date": "2025-04-29 15:21:29"
    },
    {
        "email": "andrea.zennaro@intarget.net",
        "date": "2025-04-30 10:53:04"
    },
    {
        "email": "nicola.tanzini@intarget.net",
        "date": "2025-05-03 08:02:20"
    },
    {
        "email": "damiano.antonelli@intarget.net",
        "date": "2025-05-05 09:44:59"
    },
    {
        "email": "susanna.boggia@intarget.net",
        "date": "2025-05-05 09:47:56"
    },
    {
        "email": "andrea.zennaro@intarget.net",
        "date": "2025-05-05 10:27:54"
    },
    {
        "email": "emilio.biondi@intarget.net",
        "date": "2025-05-05 12:23:00"
    },
    {
        "email": "damiano.antonelli@intarget.net",
        "date": "2025-05-05 14:30:43"
    },
    {
        "email": "andrea.zennaro@intarget.net",
        "date": "2025-05-05 15:46:32"
    },
    {
        "email": "lisa.luperini@intarget.net",
        "date": "2025-05-06 09:30:38"
    },
    {
        "email": "andrea.zennaro@intarget.net",
        "date": "2025-05-06 09:59:36"
    },
    {
        "email": "andrea.zennaro@intarget.net",
        "date": "2025-05-06 11:04:39"
    }
]
[2025-05-06T11:06:14+02:00] Before count: 30
[2025-05-06T11:06:14+02:00] After count: 31
[2025-05-06T11:06:14+02:00] Redirecting to index.php
-----
[2025-05-06T11:07:21+02:00] callback.php start
[2025-05-06T11:07:21+02:00] LOGINSFILE: /srv/agentai/logins.json
[2025-05-06T11:07:21+02:00] Raw logins.json content: [
    {
        "email": "andrea.zennaro@intarget.net",
        "date": "2025-04-29 08:54:39"
    },
    {
        "email": "andrea.zennaro@intarget.net",
        "date": "2025-04-29 08:58:02"
    },
    {
        "email": "andrea.zennaro@intarget.net",
        "date": "2025-04-29 09:01:38"
    },
    {
        "email": "andrea.zennaro@intarget.net",
        "date": "2025-04-29 09:06:56"
    },
    {
        "email": "andrea.zennaro@intarget.net",
        "date": "2025-04-29 09:07:06"
    },
    {
        "email": "andrea.zennaro@intarget.net",
        "date": "2025-04-29 11:09:27"
    },
    {
        "email": "dario.ricci@intarget.net",
        "date": "2025-04-29 11:11:53"
    },
    {
        "email": "andrea.zennaro@intarget.net",
        "date": "2025-04-29 11:22:24"
    },
    {
        "email": "nicola.savastano@intarget.net",
        "date": "2025-04-29 11:24:46"
    },
    {
        "email": "luca.calisti@intarget.net",
        "date": "2025-04-29 11:28:35"
    },
    {
        "email": "antonietta.pisani@intarget.net",
        "date": "2025-04-29 11:33:24"
    },
    {
        "email": "barbara.latorre@intarget.net",
        "date": "2025-04-29 11:37:06"
    },
    {
        "email": "luca.ciccarelli@intarget.net",
        "date": "2025-04-29 11:39:22"
    },
    {
        "email": "andrea.zennaro@intarget.net",
        "date": "2025-04-29 11:40:00"
    },
    {
        "email": "ines.dejesus@intarget.net",
        "date": "2025-04-29 11:51:59"
    },
    {
        "email": "gabriele.amato@intarget.net",
        "date": "2025-04-29 11:52:08"
    },
    {
        "email": "barbara.latorre@intarget.net",
        "date": "2025-04-29 12:12:15"
    },
    {
        "email": "susanna.boggia@intarget.net",
        "date": "2025-04-29 14:15:50"
    },
    {
        "email": "andrea.topini@intarget.net",
        "date": "2025-04-29 15:21:29"
    },
    {
        "email": "andrea.zennaro@intarget.net",
        "date": "2025-04-30 10:53:04"
    },
    {
        "email": "nicola.tanzini@intarget.net",
        "date": "2025-05-03 08:02:20"
    },
    {
        "email": "damiano.antonelli@intarget.net",
        "date": "2025-05-05 09:44:59"
    },
    {
        "email": "susanna.boggia@intarget.net",
        "date": "2025-05-05 09:47:56"
    },
    {
        "email": "andrea.zennaro@intarget.net",
        "date": "2025-05-05 10:27:54"
    },
    {
        "email": "emilio.biondi@intarget.net",
        "date": "2025-05-05 12:23:00"
    },
    {
        "email": "damiano.antonelli@intarget.net",
        "date": "2025-05-05 14:30:43"
    },
    {
        "email": "andrea.zennaro@intarget.net",
        "date": "2025-05-05 15:46:32"
    },
    {
        "email": "lisa.luperini@intarget.net",
        "date": "2025-05-06 09:30:38"
    },
    {
        "email": "andrea.zennaro@intarget.net",
        "date": "2025-05-06 09:59:36"
    },
    {
        "email": "andrea.zennaro@intarget.net",
        "date": "2025-05-06 11:04:39"
    },
    {
        "email": "daniele.gargini@intarget.net",
        "date": "2025-05-06 11:06:14"
    }
]
[2025-05-06T11:07:21+02:00] Before count: 31
[2025-05-06T11:07:21+02:00] After count: 32
[2025-05-06T11:07:21+02:00] Redirecting to index.php
-----
[2025-05-06T11:36:54+02:00] callback.php start
[2025-05-06T11:36:54+02:00] LOGINSFILE: /srv/agentai/logins.json
[2025-05-06T11:36:54+02:00] Raw logins.json content: [
    {
        "email": "andrea.zennaro@intarget.net",
        "date": "2025-04-29 08:54:39"
    },
    {
        "email": "andrea.zennaro@intarget.net",
        "date": "2025-04-29 08:58:02"
    },
    {
        "email": "andrea.zennaro@intarget.net",
        "date": "2025-04-29 09:01:38"
    },
    {
        "email": "andrea.zennaro@intarget.net",
        "date": "2025-04-29 09:06:56"
    },
    {
        "email": "andrea.zennaro@intarget.net",
        "date": "2025-04-29 09:07:06"
    },
    {
        "email": "andrea.zennaro@intarget.net",
        "date": "2025-04-29 11:09:27"
    },
    {
        "email": "dario.ricci@intarget.net",
        "date": "2025-04-29 11:11:53"
    },
    {
        "email": "andrea.zennaro@intarget.net",
        "date": "2025-04-29 11:22:24"
    },
    {
        "email": "nicola.savastano@intarget.net",
        "date": "2025-04-29 11:24:46"
    },
    {
        "email": "luca.calisti@intarget.net",
        "date": "2025-04-29 11:28:35"
    },
    {
        "email": "antonietta.pisani@intarget.net",
        "date": "2025-04-29 11:33:24"
    },
    {
        "email": "barbara.latorre@intarget.net",
        "date": "2025-04-29 11:37:06"
    },
    {
        "email": "luca.ciccarelli@intarget.net",
        "date": "2025-04-29 11:39:22"
    },
    {
        "email": "andrea.zennaro@intarget.net",
        "date": "2025-04-29 11:40:00"
    },
    {
        "email": "ines.dejesus@intarget.net",
        "date": "2025-04-29 11:51:59"
    },
    {
        "email": "gabriele.amato@intarget.net",
        "date": "2025-04-29 11:52:08"
    },
    {
        "email": "barbara.latorre@intarget.net",
        "date": "2025-04-29 12:12:15"
    },
    {
        "email": "susanna.boggia@intarget.net",
        "date": "2025-04-29 14:15:50"
    },
    {
        "email": "andrea.topini@intarget.net",
        "date": "2025-04-29 15:21:29"
    },
    {
        "email": "andrea.zennaro@intarget.net",
        "date": "2025-04-30 10:53:04"
    },
    {
        "email": "nicola.tanzini@intarget.net",
        "date": "2025-05-03 08:02:20"
    },
    {
        "email": "damiano.antonelli@intarget.net",
        "date": "2025-05-05 09:44:59"
    },
    {
        "email": "susanna.boggia@intarget.net",
        "date": "2025-05-05 09:47:56"
    },
    {
        "email": "andrea.zennaro@intarget.net",
        "date": "2025-05-05 10:27:54"
    },
    {
        "email": "emilio.biondi@intarget.net",
        "date": "2025-05-05 12:23:00"
    },
    {
        "email": "damiano.antonelli@intarget.net",
        "date": "2025-05-05 14:30:43"
    },
    {
        "email": "andrea.zennaro@intarget.net",
        "date": "2025-05-05 15:46:32"
    },
    {
        "email": "lisa.luperini@intarget.net",
        "date": "2025-05-06 09:30:38"
    },
    {
        "email": "andrea.zennaro@intarget.net",
        "date": "2025-05-06 09:59:36"
    },
    {
        "email": "andrea.zennaro@intarget.net",
        "date": "2025-05-06 11:04:39"
    },
    {
        "email": "daniele.gargini@intarget.net",
        "date": "2025-05-06 11:06:14"
    },
    {
        "email": "emilio.biondi@intarget.net",
        "date": "2025-05-06 11:07:21"
    }
]
[2025-05-06T11:36:54+02:00] Before count: 32
[2025-05-06T11:36:54+02:00] After count: 33
[2025-05-06T11:36:54+02:00] Redirecting to index.php
-----
[2025-05-06T11:42:09+02:00] callback.php start
[2025-05-06T11:42:09+02:00] LOGINSFILE: /srv/agentai/logins.json
[2025-05-06T11:42:09+02:00] Raw logins.json content: [
    {
        "email": "andrea.zennaro@intarget.net",
        "date": "2025-04-29 08:54:39"
    },
    {
        "email": "andrea.zennaro@intarget.net",
        "date": "2025-04-29 08:58:02"
    },
    {
        "email": "andrea.zennaro@intarget.net",
        "date": "2025-04-29 09:01:38"
    },
    {
        "email": "andrea.zennaro@intarget.net",
        "date": "2025-04-29 09:06:56"
    },
    {
        "email": "andrea.zennaro@intarget.net",
        "date": "2025-04-29 09:07:06"
    },
    {
        "email": "andrea.zennaro@intarget.net",
        "date": "2025-04-29 11:09:27"
    },
    {
        "email": "dario.ricci@intarget.net",
        "date": "2025-04-29 11:11:53"
    },
    {
        "email": "andrea.zennaro@intarget.net",
        "date": "2025-04-29 11:22:24"
    },
    {
        "email": "nicola.savastano@intarget.net",
        "date": "2025-04-29 11:24:46"
    },
    {
        "email": "luca.calisti@intarget.net",
        "date": "2025-04-29 11:28:35"
    },
    {
        "email": "antonietta.pisani@intarget.net",
        "date": "2025-04-29 11:33:24"
    },
    {
        "email": "barbara.latorre@intarget.net",
        "date": "2025-04-29 11:37:06"
    },
    {
        "email": "luca.ciccarelli@intarget.net",
        "date": "2025-04-29 11:39:22"
    },
    {
        "email": "andrea.zennaro@intarget.net",
        "date": "2025-04-29 11:40:00"
    },
    {
        "email": "ines.dejesus@intarget.net",
        "date": "2025-04-29 11:51:59"
    },
    {
        "email": "gabriele.amato@intarget.net",
        "date": "2025-04-29 11:52:08"
    },
    {
        "email": "barbara.latorre@intarget.net",
        "date": "2025-04-29 12:12:15"
    },
    {
        "email": "susanna.boggia@intarget.net",
        "date": "2025-04-29 14:15:50"
    },
    {
        "email": "andrea.topini@intarget.net",
        "date": "2025-04-29 15:21:29"
    },
    {
        "email": "andrea.zennaro@intarget.net",
        "date": "2025-04-30 10:53:04"
    },
    {
        "email": "nicola.tanzini@intarget.net",
        "date": "2025-05-03 08:02:20"
    },
    {
        "email": "damiano.antonelli@intarget.net",
        "date": "2025-05-05 09:44:59"
    },
    {
        "email": "susanna.boggia@intarget.net",
        "date": "2025-05-05 09:47:56"
    },
    {
        "email": "andrea.zennaro@intarget.net",
        "date": "2025-05-05 10:27:54"
    },
    {
        "email": "emilio.biondi@intarget.net",
        "date": "2025-05-05 12:23:00"
    },
    {
        "email": "damiano.antonelli@intarget.net",
        "date": "2025-05-05 14:30:43"
    },
    {
        "email": "andrea.zennaro@intarget.net",
        "date": "2025-05-05 15:46:32"
    },
    {
        "email": "lisa.luperini@intarget.net",
        "date": "2025-05-06 09:30:38"
    },
    {
        "email": "andrea.zennaro@intarget.net",
        "date": "2025-05-06 09:59:36"
    },
    {
        "email": "andrea.zennaro@intarget.net",
        "date": "2025-05-06 11:04:39"
    },
    {
        "email": "daniele.gargini@intarget.net",
        "date": "2025-05-06 11:06:14"
    },
    {
        "email": "emilio.biondi@intarget.net",
        "date": "2025-05-06 11:07:21"
    },
    {
        "email": "andrea.zennaro@intarget.net",
        "date": "2025-05-06 11:36:54"
    }
]
[2025-05-06T11:42:09+02:00] Before count: 33
[2025-05-06T11:42:09+02:00] After count: 34
[2025-05-06T11:42:09+02:00] Redirecting to index.php
-----
[2025-05-06T12:11:21+02:00] callback.php start
[2025-05-06T12:11:21+02:00] LOGINSFILE: /srv/agentai/logins.json
[2025-05-06T12:11:21+02:00] Raw logins.json content: [
    {
        "email": "andrea.zennaro@intarget.net",
        "date": "2025-04-29 08:54:39"
    },
    {
        "email": "andrea.zennaro@intarget.net",
        "date": "2025-04-29 08:58:02"
    },
    {
        "email": "andrea.zennaro@intarget.net",
        "date": "2025-04-29 09:01:38"
    },
    {
        "email": "andrea.zennaro@intarget.net",
        "date": "2025-04-29 09:06:56"
    },
    {
        "email": "andrea.zennaro@intarget.net",
        "date": "2025-04-29 09:07:06"
    },
    {
        "email": "andrea.zennaro@intarget.net",
        "date": "2025-04-29 11:09:27"
    },
    {
        "email": "dario.ricci@intarget.net",
        "date": "2025-04-29 11:11:53"
    },
    {
        "email": "andrea.zennaro@intarget.net",
        "date": "2025-04-29 11:22:24"
    },
    {
        "email": "nicola.savastano@intarget.net",
        "date": "2025-04-29 11:24:46"
    },
    {
        "email": "luca.calisti@intarget.net",
        "date": "2025-04-29 11:28:35"
    },
    {
        "email": "antonietta.pisani@intarget.net",
        "date": "2025-04-29 11:33:24"
    },
    {
        "email": "barbara.latorre@intarget.net",
        "date": "2025-04-29 11:37:06"
    },
    {
        "email": "luca.ciccarelli@intarget.net",
        "date": "2025-04-29 11:39:22"
    },
    {
        "email": "andrea.zennaro@intarget.net",
        "date": "2025-04-29 11:40:00"
    },
    {
        "email": "ines.dejesus@intarget.net",
        "date": "2025-04-29 11:51:59"
    },
    {
        "email": "gabriele.amato@intarget.net",
        "date": "2025-04-29 11:52:08"
    },
    {
        "email": "barbara.latorre@intarget.net",
        "date": "2025-04-29 12:12:15"
    },
    {
        "email": "susanna.boggia@intarget.net",
        "date": "2025-04-29 14:15:50"
    },
    {
        "email": "andrea.topini@intarget.net",
        "date": "2025-04-29 15:21:29"
    },
    {
        "email": "andrea.zennaro@intarget.net",
        "date": "2025-04-30 10:53:04"
    },
    {
        "email": "nicola.tanzini@intarget.net",
        "date": "2025-05-03 08:02:20"
    },
    {
        "email": "damiano.antonelli@intarget.net",
        "date": "2025-05-05 09:44:59"
    },
    {
        "email": "susanna.boggia@intarget.net",
        "date": "2025-05-05 09:47:56"
    },
    {
        "email": "andrea.zennaro@intarget.net",
        "date": "2025-05-05 10:27:54"
    },
    {
        "email": "emilio.biondi@intarget.net",
        "date": "2025-05-05 12:23:00"
    },
    {
        "email": "damiano.antonelli@intarget.net",
        "date": "2025-05-05 14:30:43"
    },
    {
        "email": "andrea.zennaro@intarget.net",
        "date": "2025-05-05 15:46:32"
    },
    {
        "email": "lisa.luperini@intarget.net",
        "date": "2025-05-06 09:30:38"
    },
    {
        "email": "andrea.zennaro@intarget.net",
        "date": "2025-05-06 09:59:36"
    },
    {
        "email": "andrea.zennaro@intarget.net",
        "date": "2025-05-06 11:04:39"
    },
    {
        "email": "daniele.gargini@intarget.net",
        "date": "2025-05-06 11:06:14"
    },
    {
        "email": "emilio.biondi@intarget.net",
        "date": "2025-05-06 11:07:21"
    },
    {
        "email": "andrea.zennaro@intarget.net",
        "date": "2025-05-06 11:36:54"
    },
    {
        "email": "daniele.gargini@intarget.net",
        "date": "2025-05-06 11:42:09"
    }
]
[2025-05-06T12:11:21+02:00] Before count: 34
[2025-05-06T12:11:21+02:00] After count: 35
[2025-05-06T12:11:21+02:00] Redirecting to index.php
-----
[2025-05-06T12:11:36+02:00] callback.php start
[2025-05-06T12:11:36+02:00] LOGINSFILE: /srv/agentai/logins.json
[2025-05-06T12:11:36+02:00] Raw logins.json content: [
    {
        "email": "andrea.zennaro@intarget.net",
        "date": "2025-04-29 08:54:39"
    },
    {
        "email": "andrea.zennaro@intarget.net",
        "date": "2025-04-29 08:58:02"
    },
    {
        "email": "andrea.zennaro@intarget.net",
        "date": "2025-04-29 09:01:38"
    },
    {
        "email": "andrea.zennaro@intarget.net",
        "date": "2025-04-29 09:06:56"
    },
    {
        "email": "andrea.zennaro@intarget.net",
        "date": "2025-04-29 09:07:06"
    },
    {
        "email": "andrea.zennaro@intarget.net",
        "date": "2025-04-29 11:09:27"
    },
    {
        "email": "dario.ricci@intarget.net",
        "date": "2025-04-29 11:11:53"
    },
    {
        "email": "andrea.zennaro@intarget.net",
        "date": "2025-04-29 11:22:24"
    },
    {
        "email": "nicola.savastano@intarget.net",
        "date": "2025-04-29 11:24:46"
    },
    {
        "email": "luca.calisti@intarget.net",
        "date": "2025-04-29 11:28:35"
    },
    {
        "email": "antonietta.pisani@intarget.net",
        "date": "2025-04-29 11:33:24"
    },
    {
        "email": "barbara.latorre@intarget.net",
        "date": "2025-04-29 11:37:06"
    },
    {
        "email": "luca.ciccarelli@intarget.net",
        "date": "2025-04-29 11:39:22"
    },
    {
        "email": "andrea.zennaro@intarget.net",
        "date": "2025-04-29 11:40:00"
    },
    {
        "email": "ines.dejesus@intarget.net",
        "date": "2025-04-29 11:51:59"
    },
    {
        "email": "gabriele.amato@intarget.net",
        "date": "2025-04-29 11:52:08"
    },
    {
        "email": "barbara.latorre@intarget.net",
        "date": "2025-04-29 12:12:15"
    },
    {
        "email": "susanna.boggia@intarget.net",
        "date": "2025-04-29 14:15:50"
    },
    {
        "email": "andrea.topini@intarget.net",
        "date": "2025-04-29 15:21:29"
    },
    {
        "email": "andrea.zennaro@intarget.net",
        "date": "2025-04-30 10:53:04"
    },
    {
        "email": "nicola.tanzini@intarget.net",
        "date": "2025-05-03 08:02:20"
    },
    {
        "email": "damiano.antonelli@intarget.net",
        "date": "2025-05-05 09:44:59"
    },
    {
        "email": "susanna.boggia@intarget.net",
        "date": "2025-05-05 09:47:56"
    },
    {
        "email": "andrea.zennaro@intarget.net",
        "date": "2025-05-05 10:27:54"
    },
    {
        "email": "emilio.biondi@intarget.net",
        "date": "2025-05-05 12:23:00"
    },
    {
        "email": "damiano.antonelli@intarget.net",
        "date": "2025-05-05 14:30:43"
    },
    {
        "email": "andrea.zennaro@intarget.net",
        "date": "2025-05-05 15:46:32"
    },
    {
        "email": "lisa.luperini@intarget.net",
        "date": "2025-05-06 09:30:38"
    },
    {
        "email": "andrea.zennaro@intarget.net",
        "date": "2025-05-06 09:59:36"
    },
    {
        "email": "andrea.zennaro@intarget.net",
        "date": "2025-05-06 11:04:39"
    },
    {
        "email": "daniele.gargini@intarget.net",
        "date": "2025-05-06 11:06:14"
    },
    {
        "email": "emilio.biondi@intarget.net",
        "date": "2025-05-06 11:07:21"
    },
    {
        "email": "andrea.zennaro@intarget.net",
        "date": "2025-05-06 11:36:54"
    },
    {
        "email": "daniele.gargini@intarget.net",
        "date": "2025-05-06 11:42:09"
    },
    {
        "email": "emilio.biondi@intarget.net",
        "date": "2025-05-06 12:11:21"
    }
]
[2025-05-06T12:11:36+02:00] Before count: 35
[2025-05-06T12:11:36+02:00] After count: 36
[2025-05-06T12:11:36+02:00] Redirecting to index.php
-----
[2025-05-06T13:03:59+02:00] callback.php start
[2025-05-06T13:03:59+02:00] LOGINSFILE: /srv/agentai/logins.json
[2025-05-06T13:03:59+02:00] Raw logins.json content: [
    {
        "email": "andrea.zennaro@intarget.net",
        "date": "2025-04-29 08:54:39"
    },
    {
        "email": "andrea.zennaro@intarget.net",
        "date": "2025-04-29 08:58:02"
    },
    {
        "email": "andrea.zennaro@intarget.net",
        "date": "2025-04-29 09:01:38"
    },
    {
        "email": "andrea.zennaro@intarget.net",
        "date": "2025-04-29 09:06:56"
    },
    {
        "email": "andrea.zennaro@intarget.net",
        "date": "2025-04-29 09:07:06"
    },
    {
        "email": "andrea.zennaro@intarget.net",
        "date": "2025-04-29 11:09:27"
    },
    {
        "email": "dario.ricci@intarget.net",
        "date": "2025-04-29 11:11:53"
    },
    {
        "email": "andrea.zennaro@intarget.net",
        "date": "2025-04-29 11:22:24"
    },
    {
        "email": "nicola.savastano@intarget.net",
        "date": "2025-04-29 11:24:46"
    },
    {
        "email": "luca.calisti@intarget.net",
        "date": "2025-04-29 11:28:35"
    },
    {
        "email": "antonietta.pisani@intarget.net",
        "date": "2025-04-29 11:33:24"
    },
    {
        "email": "barbara.latorre@intarget.net",
        "date": "2025-04-29 11:37:06"
    },
    {
        "email": "luca.ciccarelli@intarget.net",
        "date": "2025-04-29 11:39:22"
    },
    {
        "email": "andrea.zennaro@intarget.net",
        "date": "2025-04-29 11:40:00"
    },
    {
        "email": "ines.dejesus@intarget.net",
        "date": "2025-04-29 11:51:59"
    },
    {
        "email": "gabriele.amato@intarget.net",
        "date": "2025-04-29 11:52:08"
    },
    {
        "email": "barbara.latorre@intarget.net",
        "date": "2025-04-29 12:12:15"
    },
    {
        "email": "susanna.boggia@intarget.net",
        "date": "2025-04-29 14:15:50"
    },
    {
        "email": "andrea.topini@intarget.net",
        "date": "2025-04-29 15:21:29"
    },
    {
        "email": "andrea.zennaro@intarget.net",
        "date": "2025-04-30 10:53:04"
    },
    {
        "email": "nicola.tanzini@intarget.net",
        "date": "2025-05-03 08:02:20"
    },
    {
        "email": "damiano.antonelli@intarget.net",
        "date": "2025-05-05 09:44:59"
    },
    {
        "email": "susanna.boggia@intarget.net",
        "date": "2025-05-05 09:47:56"
    },
    {
        "email": "andrea.zennaro@intarget.net",
        "date": "2025-05-05 10:27:54"
    },
    {
        "email": "emilio.biondi@intarget.net",
        "date": "2025-05-05 12:23:00"
    },
    {
        "email": "damiano.antonelli@intarget.net",
        "date": "2025-05-05 14:30:43"
    },
    {
        "email": "andrea.zennaro@intarget.net",
        "date": "2025-05-05 15:46:32"
    },
    {
        "email": "lisa.luperini@intarget.net",
        "date": "2025-05-06 09:30:38"
    },
    {
        "email": "andrea.zennaro@intarget.net",
        "date": "2025-05-06 09:59:36"
    },
    {
        "email": "andrea.zennaro@intarget.net",
        "date": "2025-05-06 11:04:39"
    },
    {
        "email": "daniele.gargini@intarget.net",
        "date": "2025-05-06 11:06:14"
    },
    {
        "email": "emilio.biondi@intarget.net",
        "date": "2025-05-06 11:07:21"
    },
    {
        "email": "andrea.zennaro@intarget.net",
        "date": "2025-05-06 11:36:54"
    },
    {
        "email": "daniele.gargini@intarget.net",
        "date": "2025-05-06 11:42:09"
    },
    {
        "email": "emilio.biondi@intarget.net",
        "date": "2025-05-06 12:11:21"
    },
    {
        "email": "andrea.zennaro@intarget.net",
        "date": "2025-05-06 12:11:36"
    }
]
[2025-05-06T13:03:59+02:00] Before count: 36
[2025-05-06T13:03:59+02:00] After count: 37
[2025-05-06T13:03:59+02:00] Redirecting to index.php
-----
[2025-05-06T14:13:29+02:00] callback.php start
[2025-05-06T14:13:29+02:00] LOGINSFILE: /srv/agentai/agentai/logins.json
[2025-05-06T14:13:29+02:00] Raw logins.json content: [
    {
        "email": "andrea.zennaro@intarget.net",
        "date": "2025-04-29 08:54:39"
    },
    {
        "email": "andrea.zennaro@intarget.net",
        "date": "2025-04-29 08:58:02"
    },
    {
        "email": "andrea.zennaro@intarget.net",
        "date": "2025-04-29 09:01:38"
    },
    {
        "email": "andrea.zennaro@intarget.net",
        "date": "2025-04-29 09:06:56"
    },
    {
        "email": "andrea.zennaro@intarget.net",
        "date": "2025-04-29 09:07:06"
    },
    {
        "email": "andrea.zennaro@intarget.net",
        "date": "2025-04-29 11:09:27"
    },
    {
        "email": "dario.ricci@intarget.net",
        "date": "2025-04-29 11:11:53"
    },
    {
        "email": "andrea.zennaro@intarget.net",
        "date": "2025-04-29 11:22:24"
    },
    {
        "email": "nicola.savastano@intarget.net",
        "date": "2025-04-29 11:24:46"
    },
    {
        "email": "luca.calisti@intarget.net",
        "date": "2025-04-29 11:28:35"
    },
    {
        "email": "antonietta.pisani@intarget.net",
        "date": "2025-04-29 11:33:24"
    },
    {
        "email": "barbara.latorre@intarget.net",
        "date": "2025-04-29 11:37:06"
    },
    {
        "email": "luca.ciccarelli@intarget.net",
        "date": "2025-04-29 11:39:22"
    },
    {
        "email": "andrea.zennaro@intarget.net",
        "date": "2025-04-29 11:40:00"
    },
    {
        "email": "ines.dejesus@intarget.net",
        "date": "2025-04-29 11:51:59"
    },
    {
        "email": "gabriele.amato@intarget.net",
        "date": "2025-04-29 11:52:08"
    },
    {
        "email": "barbara.latorre@intarget.net",
        "date": "2025-04-29 12:12:15"
    },
    {
        "email": "susanna.boggia@intarget.net",
        "date": "2025-04-29 14:15:50"
    },
    {
        "email": "andrea.topini@intarget.net",
        "date": "2025-04-29 15:21:29"
    },
    {
        "email": "andrea.zennaro@intarget.net",
        "date": "2025-04-30 10:53:04"
    },
    {
        "email": "nicola.tanzini@intarget.net",
        "date": "2025-05-03 08:02:20"
    },
    {
        "email": "damiano.antonelli@intarget.net",
        "date": "2025-05-05 09:44:59"
    },
    {
        "email": "susanna.boggia@intarget.net",
        "date": "2025-05-05 09:47:56"
    },
    {
        "email": "andrea.zennaro@intarget.net",
        "date": "2025-05-05 10:27:54"
    },
    {
        "email": "emilio.biondi@intarget.net",
        "date": "2025-05-05 12:23:00"
    },
    {
        "email": "damiano.antonelli@intarget.net",
        "date": "2025-05-05 14:30:43"
    },
    {
        "email": "andrea.zennaro@intarget.net",
        "date": "2025-05-05 15:46:32"
    },
    {
        "email": "lisa.luperini@intarget.net",
        "date": "2025-05-06 09:30:38"
    },
    {
        "email": "andrea.zennaro@intarget.net",
        "date": "2025-05-06 09:59:36"
    },
    {
        "email": "andrea.zennaro@intarget.net",
        "date": "2025-05-06 11:04:39"
    },
    {
        "email": "daniele.gargini@intarget.net",
        "date": "2025-05-06 11:06:14"
    },
    {
        "email": "emilio.biondi@intarget.net",
        "date": "2025-05-06 11:07:21"
    },
    {
        "email": "andrea.zennaro@intarget.net",
        "date": "2025-05-06 11:36:54"
    },
    {
        "email": "daniele.gargini@intarget.net",
        "date": "2025-05-06 11:42:09"
    },
    {
        "email": "emilio.biondi@intarget.net",
        "date": "2025-05-06 12:11:21"
    },
    {
        "email": "andrea.zennaro@intarget.net",
        "date": "2025-05-06 12:11:36"
    },
    {
        "email": "andrea.zennaro@intarget.net",
        "date": "2025-05-06 13:03:59"
    }
]
[2025-05-06T14:13:29+02:00] Before count: 37
[2025-05-06T14:13:29+02:00] After count: 38
[2025-05-06T14:13:29+02:00] Redirecting to index.php
-----
[2025-05-06T14:18:30+02:00] callback.php start
[2025-05-06T14:18:30+02:00] LOGINSFILE: /srv/agentai/agentai/logins.json
[2025-05-06T14:18:30+02:00] Raw logins.json content: [
    {
        "email": "andrea.zennaro@intarget.net",
        "date": "2025-04-29 08:54:39"
    },
    {
        "email": "andrea.zennaro@intarget.net",
        "date": "2025-04-29 08:58:02"
    },
    {
        "email": "andrea.zennaro@intarget.net",
        "date": "2025-04-29 09:01:38"
    },
    {
        "email": "andrea.zennaro@intarget.net",
        "date": "2025-04-29 09:06:56"
    },
    {
        "email": "andrea.zennaro@intarget.net",
        "date": "2025-04-29 09:07:06"
    },
    {
        "email": "andrea.zennaro@intarget.net",
        "date": "2025-04-29 11:09:27"
    },
    {
        "email": "dario.ricci@intarget.net",
        "date": "2025-04-29 11:11:53"
    },
    {
        "email": "andrea.zennaro@intarget.net",
        "date": "2025-04-29 11:22:24"
    },
    {
        "email": "nicola.savastano@intarget.net",
        "date": "2025-04-29 11:24:46"
    },
    {
        "email": "luca.calisti@intarget.net",
        "date": "2025-04-29 11:28:35"
    },
    {
        "email": "antonietta.pisani@intarget.net",
        "date": "2025-04-29 11:33:24"
    },
    {
        "email": "barbara.latorre@intarget.net",
        "date": "2025-04-29 11:37:06"
    },
    {
        "email": "luca.ciccarelli@intarget.net",
        "date": "2025-04-29 11:39:22"
    },
    {
        "email": "andrea.zennaro@intarget.net",
        "date": "2025-04-29 11:40:00"
    },
    {
        "email": "ines.dejesus@intarget.net",
        "date": "2025-04-29 11:51:59"
    },
    {
        "email": "gabriele.amato@intarget.net",
        "date": "2025-04-29 11:52:08"
    },
    {
        "email": "barbara.latorre@intarget.net",
        "date": "2025-04-29 12:12:15"
    },
    {
        "email": "susanna.boggia@intarget.net",
        "date": "2025-04-29 14:15:50"
    },
    {
        "email": "andrea.topini@intarget.net",
        "date": "2025-04-29 15:21:29"
    },
    {
        "email": "andrea.zennaro@intarget.net",
        "date": "2025-04-30 10:53:04"
    },
    {
        "email": "nicola.tanzini@intarget.net",
        "date": "2025-05-03 08:02:20"
    },
    {
        "email": "damiano.antonelli@intarget.net",
        "date": "2025-05-05 09:44:59"
    },
    {
        "email": "susanna.boggia@intarget.net",
        "date": "2025-05-05 09:47:56"
    },
    {
        "email": "andrea.zennaro@intarget.net",
        "date": "2025-05-05 10:27:54"
    },
    {
        "email": "emilio.biondi@intarget.net",
        "date": "2025-05-05 12:23:00"
    },
    {
        "email": "damiano.antonelli@intarget.net",
        "date": "2025-05-05 14:30:43"
    },
    {
        "email": "andrea.zennaro@intarget.net",
        "date": "2025-05-05 15:46:32"
    },
    {
        "email": "lisa.luperini@intarget.net",
        "date": "2025-05-06 09:30:38"
    },
    {
        "email": "andrea.zennaro@intarget.net",
        "date": "2025-05-06 09:59:36"
    },
    {
        "email": "andrea.zennaro@intarget.net",
        "date": "2025-05-06 11:04:39"
    },
    {
        "email": "daniele.gargini@intarget.net",
        "date": "2025-05-06 11:06:14"
    },
    {
        "email": "emilio.biondi@intarget.net",
        "date": "2025-05-06 11:07:21"
    },
    {
        "email": "andrea.zennaro@intarget.net",
        "date": "2025-05-06 11:36:54"
    },
    {
        "email": "daniele.gargini@intarget.net",
        "date": "2025-05-06 11:42:09"
    },
    {
        "email": "emilio.biondi@intarget.net",
        "date": "2025-05-06 12:11:21"
    },
    {
        "email": "andrea.zennaro@intarget.net",
        "date": "2025-05-06 12:11:36"
    },
    {
        "email": "andrea.zennaro@intarget.net",
        "date": "2025-05-06 13:03:59"
    },
    {
        "email": "daniele.gargini@intarget.net",
        "date": "2025-05-06 14:13:29"
    }
]
[2025-05-06T14:18:30+02:00] Before count: 38
[2025-05-06T14:18:30+02:00] After count: 39
[2025-05-06T14:18:30+02:00] Redirecting to index.php
